#! /usr/bin/vvp
:ivl_version "10.3 (stable)";
:ivl_delay_selection "TYPICAL";
:vpi_time_precision + 0;
:vpi_module "system";
:vpi_module "vhdl_sys";
:vpi_module "v2005_math";
:vpi_module "va_math";
S_0x561c4386b0a0 .scope module, "riscv_tb" "riscv_tb" 2 5;
 .timescale 0 0;
P_0x561c4386b220 .param/l "STEPS_AMOUNT" 0 2 6, +C4<00000000000000000000001111101000>;
v0x561c438fdad0_0 .var "clk", 0 0;
v0x561c438fdb70_0 .net "ram_adress", 31 0, v0x561c438fccc0_0;  1 drivers
v0x561c438fdc80_0 .net "ram_data_in", 31 0, v0x561c438fa4f0_0;  1 drivers
v0x561c438fdd70_0 .net "ram_data_out", 31 0, v0x561c438fbda0_0;  1 drivers
v0x561c438fde80_0 .net "ram_enable_write", 0 0, v0x561c438fcd80_0;  1 drivers
v0x561c438fdfc0_0 .net "rom_adress", 31 0, v0x561c438fd090_0;  1 drivers
v0x561c438fe0d0_0 .net "rom_data_in", 31 0, v0x561c438fd9f0_0;  1 drivers
v0x561c438fe1e0_0 .var "step", 0 0;
S_0x561c4386b2c0 .scope module, "ram_ctlr" "ramctlr" 2 21, 3 1 0, S_0x561c4386b0a0;
 .timescale 0 0;
    .port_info 0 /INPUT 32 "adress_out"
    .port_info 1 /OUTPUT 32 "data_in"
    .port_info 2 /INPUT 1 "enable_write"
    .port_info 3 /INPUT 32 "data_out"
    .port_info 4 /INPUT 1 "clk"
P_0x561c438a5310 .param/str "RAM_FILE" 0 3 3, "ram01";
P_0x561c438a5350 .param/l "RAM_SIZE" 0 3 2, +C4<00000000000000000000000001000000>;
v0x561c43894f20 .array "RAM", 63 0, 31 0;
v0x561c438dae00_0 .net "adress_out", 31 0, v0x561c438fccc0_0;  alias, 1 drivers
v0x561c438fa420_0 .net "clk", 0 0, v0x561c438fdad0_0;  1 drivers
v0x561c438fa4f0_0 .var "data_in", 31 0;
v0x561c438fa5d0_0 .net "data_out", 31 0, v0x561c438fbda0_0;  alias, 1 drivers
v0x561c438fa700_0 .net "enable_write", 0 0, v0x561c438fcd80_0;  alias, 1 drivers
E_0x561c438c8af0 .event posedge, v0x561c438fa420_0;
S_0x561c438fa860 .scope module, "riscv_core" "riscv" 2 22, 4 1 0, S_0x561c4386b0a0;
 .timescale 0 0;
    .port_info 0 /OUTPUT 32 "ram_adress"
    .port_info 1 /OUTPUT 32 "rom_adress"
    .port_info 2 /INPUT 32 "data_in_ram"
    .port_info 3 /OUTPUT 32 "data_out_ram"
    .port_info 4 /INPUT 32 "data_in_rom"
    .port_info 5 /OUTPUT 1 "ram_enable_write"
    .port_info 6 /INPUT 1 "clk"
P_0x561c438faa50 .param/l "ADD" 0 4 20, C4<000>;
P_0x561c438faa90 .param/l "AND" 0 4 27, C4<111>;
P_0x561c438faad0 .param/l "AUIPC" 0 4 4, C4<0010111>;
P_0x561c438fab10 .param/l "BRANCH" 0 4 11, C4<1100011>;
P_0x561c438fab50 .param/l "IMM" 0 4 9, C4<0010011>;
P_0x561c438fab90 .param/l "JAL" 0 4 5, C4<1101111>;
P_0x561c438fabd0 .param/l "JALR" 0 4 6, C4<1100111>;
P_0x561c438fac10 .param/l "LOAD" 0 4 12, C4<0000011>;
P_0x561c438fac50 .param/l "LUI" 0 4 3, C4<0110111>;
P_0x561c438fac90 .param/l "MISCMEM" 0 4 16, C4<0001111>;
P_0x561c438facd0 .param/l "MULT" 0 4 32, C4<0000001>;
P_0x561c438fad10 .param/l "NULL" 0 4 35, C4<00000000000000000000000000000000>;
P_0x561c438fad50 .param/l "OP" 0 4 10, C4<0110011>;
P_0x561c438fad90 .param/l "OR" 0 4 26, C4<110>;
P_0x561c438fadd0 .param/l "SLL" 0 4 21, C4<001>;
P_0x561c438fae10 .param/l "SLT" 0 4 22, C4<010>;
P_0x561c438fae50 .param/l "SLTU" 0 4 23, C4<011>;
P_0x561c438fae90 .param/l "SRL" 0 4 25, C4<101>;
P_0x561c438faed0 .param/l "STORE" 0 4 13, C4<0100011>;
P_0x561c438faf10 .param/l "SUBSRA" 0 4 31, C4<0100000>;
P_0x561c438faf50 .param/l "SYSTEM" 0 4 17, C4<1110011>;
P_0x561c438faf90 .param/l "VANILLA" 0 4 30, C4<0000000>;
P_0x561c438fafd0 .param/l "XOR" 0 4 24, C4<100>;
v0x561c438fbb40_0 .net "clk", 0 0, v0x561c438fdad0_0;  alias, 1 drivers
v0x561c438fbc00_0 .net "data_in_ram", 31 0, v0x561c438fa4f0_0;  alias, 1 drivers
v0x561c438fbcd0_0 .net "data_in_rom", 31 0, v0x561c438fd9f0_0;  alias, 1 drivers
v0x561c438fbda0_0 .var "data_out_ram", 31 0;
v0x561c438fbe90_0 .var "debug_eight", 31 0;
v0x561c438fbfa0_0 .var "debug_five", 31 0;
v0x561c438fc080_0 .var "debug_four", 31 0;
v0x561c438fc160_0 .var "debug_one", 31 0;
v0x561c438fc240_0 .var "debug_seven", 31 0;
v0x561c438fc320_0 .var "debug_six", 31 0;
v0x561c438fc400_0 .var "debug_three", 31 0;
v0x561c438fc4e0_0 .var "debug_two", 31 0;
v0x561c438fc5c0_0 .var "funct3", 2 0;
v0x561c438fc6a0_0 .var/i "i", 31 0;
v0x561c438fc780_0 .var "immL", 11 0;
v0x561c438fc860_0 .var "immS", 6 0;
v0x561c438fc940_0 .var "immediate", 31 0;
v0x561c438fca20_0 .var "instruction", 31 0;
v0x561c438fcb00_0 .var "opcode", 6 0;
v0x561c438fcbe0_0 .var "pointer", 31 0;
v0x561c438fccc0_0 .var "ram_adress", 31 0;
v0x561c438fcd80_0 .var "ram_enable_write", 0 0;
v0x561c438fce50_0 .var "rd", 4 0;
v0x561c438fcef0 .array "registers", 0 32, 31 0;
v0x561c438fcfb0_0 .var "registre", 31 0;
v0x561c438fd090_0 .var "rom_adress", 31 0;
v0x561c438fd170_0 .var "rs1", 4 0;
v0x561c438fd250_0 .var "rs2", 4 0;
E_0x561c438c87b0 .event edge, v0x561c438fc160_0;
S_0x561c438fd410 .scope module, "rom_ctlr" "romctlr" 2 20, 5 1 0, S_0x561c4386b0a0;
 .timescale 0 0;
    .port_info 0 /INPUT 32 "adress_out"
    .port_info 1 /OUTPUT 32 "data_in"
    .port_info 2 /INPUT 1 "clk"
P_0x561c438d95a0 .param/str "ROM_FILE" 0 5 3, "rom02";
P_0x561c438d95e0 .param/l "ROM_SIZE" 0 5 2, +C4<00000000000000000000000010000000>;
v0x561c438fd700 .array "ROM", 127 0, 31 0;
v0x561c438fd7e0_0 .net "adress_out", 31 0, v0x561c438fd090_0;  alias, 1 drivers
v0x561c438fd8d0_0 .net "clk", 0 0, v0x561c438fdad0_0;  alias, 1 drivers
v0x561c438fd9f0_0 .var "data_in", 31 0;
    .scope S_0x561c438fd410;
T_0 ;
    %pushi/vec4 0, 0, 32;
    %store/vec4 v0x561c438fd9f0_0, 0, 32;
    %end;
    .thread T_0;
    .scope S_0x561c438fd410;
T_1 ;
    %vpi_call 5 15 "$readmemb", P_0x561c438d95a0, v0x561c438fd700 {0 0 0};
    %end;
    .thread T_1;
    .scope S_0x561c438fd410;
T_2 ;
    %wait E_0x561c438c8af0;
    %ix/getv 4, v0x561c438fd7e0_0;
    %load/vec4a v0x561c438fd700, 4;
    %assign/vec4 v0x561c438fd9f0_0, 0;
    %jmp T_2;
    .thread T_2;
    .scope S_0x561c4386b2c0;
T_3 ;
    %pushi/vec4 0, 0, 32;
    %store/vec4 v0x561c438fa4f0_0, 0, 32;
    %end;
    .thread T_3;
    .scope S_0x561c4386b2c0;
T_4 ;
    %vpi_call 3 17 "$readmemb", P_0x561c438a5310, v0x561c43894f20 {0 0 0};
    %end;
    .thread T_4;
    .scope S_0x561c4386b2c0;
T_5 ;
    %wait E_0x561c438c8af0;
    %load/vec4 v0x561c438fa700_0;
    %flag_set/vec4 8;
    %jmp/0xz  T_5.0, 8;
    %load/vec4 v0x561c438fa5d0_0;
    %ix/getv 4, v0x561c438dae00_0;
    %store/vec4a v0x561c43894f20, 4, 0;
T_5.0 ;
    %ix/getv 4, v0x561c438dae00_0;
    %load/vec4a v0x561c43894f20, 4;
    %assign/vec4 v0x561c438fa4f0_0, 0;
    %jmp T_5;
    .thread T_5;
    .scope S_0x561c438fa860;
T_6 ;
    %pushi/vec4 0, 0, 32;
    %store/vec4 v0x561c438fccc0_0, 0, 32;
    %pushi/vec4 0, 0, 32;
    %store/vec4 v0x561c438fd090_0, 0, 32;
    %pushi/vec4 0, 0, 32;
    %store/vec4 v0x561c438fbda0_0, 0, 32;
    %pushi/vec4 0, 0, 1;
    %store/vec4 v0x561c438fcd80_0, 0, 1;
    %pushi/vec4 0, 0, 32;
    %store/vec4 v0x561c438fcbe0_0, 0, 32;
    %pushi/vec4 0, 0, 32;
    %store/vec4 v0x561c438fca20_0, 0, 32;
    %pushi/vec4 0, 0, 32;
    %store/vec4 v0x561c438fc940_0, 0, 32;
    %pushi/vec4 0, 0, 32;
    %store/vec4 v0x561c438fcfb0_0, 0, 32;
    %pushi/vec4 0, 0, 5;
    %store/vec4 v0x561c438fd170_0, 0, 5;
    %pushi/vec4 0, 0, 5;
    %store/vec4 v0x561c438fd250_0, 0, 5;
    %pushi/vec4 0, 0, 5;
    %store/vec4 v0x561c438fce50_0, 0, 5;
    %pushi/vec4 0, 0, 7;
    %store/vec4 v0x561c438fcb00_0, 0, 7;
    %pushi/vec4 0, 0, 3;
    %store/vec4 v0x561c438fc5c0_0, 0, 3;
    %pushi/vec4 0, 0, 7;
    %store/vec4 v0x561c438fc860_0, 0, 7;
    %pushi/vec4 0, 0, 12;
    %store/vec4 v0x561c438fc780_0, 0, 12;
    %end;
    .thread T_6;
    .scope S_0x561c438fa860;
T_7 ;
    %pushi/vec4 0, 0, 32;
    %store/vec4 v0x561c438fc6a0_0, 0, 32;
T_7.0 ;
    %load/vec4 v0x561c438fc6a0_0;
    %cmpi/s 32, 0, 32;
    %jmp/0xz T_7.1, 5;
    %pushi/vec4 0, 0, 32;
    %ix/getv/s 4, v0x561c438fc6a0_0;
    %store/vec4a v0x561c438fcef0, 4, 0;
    %load/vec4 v0x561c438fc6a0_0;
    %addi 1, 0, 32;
    %store/vec4 v0x561c438fc6a0_0, 0, 32;
    %jmp T_7.0;
T_7.1 ;
    %delay 300000, 0;
    %vpi_call 4 83 "$finish" {0 0 0};
    %end;
    .thread T_7;
    .scope S_0x561c438fa860;
T_8 ;
    %wait E_0x561c438c8af0;
    %load/vec4 v0x561c438fbcd0_0;
    %store/vec4 v0x561c438fca20_0, 0, 32;
    %load/vec4 v0x561c438fcbe0_0;
    %store/vec4 v0x561c438fd090_0, 0, 32;
    %ix/load 4, 1, 0;
    %flag_set/imm 4, 0;
    %load/vec4a v0x561c438fcef0, 4;
    %assign/vec4 v0x561c438fc160_0, 0;
    %ix/load 4, 2, 0;
    %flag_set/imm 4, 0;
    %load/vec4a v0x561c438fcef0, 4;
    %assign/vec4 v0x561c438fc4e0_0, 0;
    %ix/load 4, 3, 0;
    %flag_set/imm 4, 0;
    %load/vec4a v0x561c438fcef0, 4;
    %assign/vec4 v0x561c438fc400_0, 0;
    %ix/load 4, 4, 0;
    %flag_set/imm 4, 0;
    %load/vec4a v0x561c438fcef0, 4;
    %assign/vec4 v0x561c438fc080_0, 0;
    %ix/load 4, 5, 0;
    %flag_set/imm 4, 0;
    %load/vec4a v0x561c438fcef0, 4;
    %assign/vec4 v0x561c438fbfa0_0, 0;
    %ix/load 4, 6, 0;
    %flag_set/imm 4, 0;
    %load/vec4a v0x561c438fcef0, 4;
    %assign/vec4 v0x561c438fc320_0, 0;
    %ix/load 4, 7, 0;
    %flag_set/imm 4, 0;
    %load/vec4a v0x561c438fcef0, 4;
    %assign/vec4 v0x561c438fc240_0, 0;
    %ix/load 4, 8, 0;
    %flag_set/imm 4, 0;
    %load/vec4a v0x561c438fcef0, 4;
    %assign/vec4 v0x561c438fbe90_0, 0;
    %load/vec4 v0x561c438fca20_0;
    %parti/s 7, 0, 2;
    %store/vec4 v0x561c438fcb00_0, 0, 7;
    %load/vec4 v0x561c438fca20_0;
    %parti/s 3, 12, 5;
    %store/vec4 v0x561c438fc5c0_0, 0, 3;
    %load/vec4 v0x561c438fca20_0;
    %parti/s 5, 15, 5;
    %store/vec4 v0x561c438fd170_0, 0, 5;
    %load/vec4 v0x561c438fca20_0;
    %parti/s 5, 20, 6;
    %store/vec4 v0x561c438fd250_0, 0, 5;
    %load/vec4 v0x561c438fca20_0;
    %parti/s 5, 7, 4;
    %store/vec4 v0x561c438fce50_0, 0, 5;
    %load/vec4 v0x561c438fca20_0;
    %parti/s 7, 25, 6;
    %store/vec4 v0x561c438fc860_0, 0, 7;
    %load/vec4 v0x561c438fca20_0;
    %parti/s 12, 20, 6;
    %store/vec4 v0x561c438fc780_0, 0, 12;
    %load/vec4 v0x561c438fcb00_0;
    %dup/vec4;
    %pushi/vec4 55, 0, 7;
    %cmp/u;
    %jmp/1 T_8.0, 6;
    %dup/vec4;
    %pushi/vec4 55, 0, 7;
    %cmp/u;
    %jmp/1 T_8.1, 6;
    %dup/vec4;
    %pushi/vec4 23, 0, 7;
    %cmp/u;
    %jmp/1 T_8.2, 6;
    %dup/vec4;
    %pushi/vec4 111, 0, 7;
    %cmp/u;
    %jmp/1 T_8.3, 6;
    %dup/vec4;
    %pushi/vec4 103, 0, 7;
    %cmp/u;
    %jmp/1 T_8.4, 6;
    %dup/vec4;
    %pushi/vec4 19, 0, 7;
    %cmp/u;
    %jmp/1 T_8.5, 6;
    %dup/vec4;
    %pushi/vec4 51, 0, 7;
    %cmp/u;
    %jmp/1 T_8.6, 6;
    %dup/vec4;
    %pushi/vec4 99, 0, 7;
    %cmp/u;
    %jmp/1 T_8.7, 6;
    %dup/vec4;
    %pushi/vec4 3, 0, 7;
    %cmp/u;
    %jmp/1 T_8.8, 6;
    %dup/vec4;
    %pushi/vec4 35, 0, 7;
    %cmp/u;
    %jmp/1 T_8.9, 6;
    %dup/vec4;
    %pushi/vec4 15, 0, 7;
    %cmp/u;
    %jmp/1 T_8.10, 6;
    %dup/vec4;
    %pushi/vec4 115, 0, 7;
    %cmp/u;
    %jmp/1 T_8.11, 6;
    %jmp T_8.12;
T_8.0 ;
    %vpi_call 4 111 "$display", "Got LUI" {0 0 0};
    %jmp T_8.12;
T_8.1 ;
    %vpi_call 4 114 "$display", "Got LUI" {0 0 0};
    %jmp T_8.12;
T_8.2 ;
    %vpi_call 4 118 "$display", "Got AUIPC" {0 0 0};
    %jmp T_8.12;
T_8.3 ;
    %load/vec4 v0x561c438fcbe0_0;
    %pad/u 40;
    %load/vec4 v0x561c438fc780_0;
    %parti/s 1, 11, 5;
    %replicate 19;
    %load/vec4 v0x561c438fc780_0;
    %parti/s 1, 11, 5;
    %load/vec4 v0x561c438fd170_0;
    %load/vec4 v0x561c438fc5c0_0;
    %concat/vec4; draw_concat_vec4
    %concat/vec4; draw_concat_vec4
    %load/vec4 v0x561c438fc780_0;
    %parti/s 11, 0, 2;
    %concat/vec4; draw_concat_vec4
    %concati/vec4 0, 0, 1;
    %concat/vec4; draw_concat_vec4
    %add;
    %subi 1, 0, 40;
    %pad/u 32;
    %store/vec4 v0x561c438fcbe0_0, 0, 32;
    %load/vec4 v0x561c438fcbe0_0;
    %addi 1, 0, 32;
    %load/vec4 v0x561c438fce50_0;
    %pad/u 7;
    %ix/vec4 3;
    %ix/load 4, 0, 0; Constant delay
    %assign/vec4/a/d v0x561c438fcef0, 0, 4;
    %jmp T_8.12;
T_8.4 ;
    %vpi_call 4 128 "$display", "Got JALR" {0 0 0};
    %jmp T_8.12;
T_8.5 ;
    %load/vec4 v0x561c438fc5c0_0;
    %dup/vec4;
    %pushi/vec4 0, 0, 3;
    %cmp/u;
    %jmp/1 T_8.13, 6;
    %dup/vec4;
    %pushi/vec4 2, 0, 3;
    %cmp/u;
    %jmp/1 T_8.14, 6;
    %dup/vec4;
    %pushi/vec4 3, 0, 3;
    %cmp/u;
    %jmp/1 T_8.15, 6;
    %dup/vec4;
    %pushi/vec4 4, 0, 3;
    %cmp/u;
    %jmp/1 T_8.16, 6;
    %dup/vec4;
    %pushi/vec4 6, 0, 3;
    %cmp/u;
    %jmp/1 T_8.17, 6;
    %dup/vec4;
    %pushi/vec4 7, 0, 3;
    %cmp/u;
    %jmp/1 T_8.18, 6;
    %jmp T_8.19;
T_8.13 ;
    %load/vec4 v0x561c438fd170_0;
    %pad/u 7;
    %ix/vec4 4;
    %load/vec4a v0x561c438fcef0, 4;
    %load/vec4 v0x561c438fc780_0;
    %parti/s 1, 11, 5;
    %replicate 20;
    %load/vec4 v0x561c438fc780_0;
    %concat/vec4; draw_concat_vec4
    %add;
    %load/vec4 v0x561c438fce50_0;
    %pad/u 7;
    %ix/vec4 3;
    %ix/load 4, 0, 0; Constant delay
    %assign/vec4/a/d v0x561c438fcef0, 0, 4;
    %jmp T_8.19;
T_8.14 ;
    %pushi/vec4 0, 0, 31;
    %load/vec4 v0x561c438fd170_0;
    %pad/u 7;
    %ix/vec4 4;
    %load/vec4a v0x561c438fcef0, 4;
    %load/vec4 v0x561c438fc780_0;
    %parti/s 1, 11, 5;
    %replicate 20;
    %load/vec4 v0x561c438fc780_0;
    %concat/vec4; draw_concat_vec4
    %cmp/s;
    %flag_get/vec4 5;
    %concat/vec4; draw_concat_vec4
    %load/vec4 v0x561c438fce50_0;
    %pad/u 7;
    %ix/vec4 3;
    %ix/load 4, 0, 0; Constant delay
    %assign/vec4/a/d v0x561c438fcef0, 0, 4;
    %jmp T_8.19;
T_8.15 ;
    %pushi/vec4 0, 0, 31;
    %load/vec4 v0x561c438fd170_0;
    %pad/u 7;
    %ix/vec4 4;
    %load/vec4a v0x561c438fcef0, 4;
    %load/vec4 v0x561c438fc780_0;
    %parti/s 1, 11, 5;
    %replicate 20;
    %load/vec4 v0x561c438fc780_0;
    %concat/vec4; draw_concat_vec4
    %cmp/u;
    %flag_get/vec4 5;
    %concat/vec4; draw_concat_vec4
    %load/vec4 v0x561c438fce50_0;
    %pad/u 7;
    %ix/vec4 3;
    %ix/load 4, 0, 0; Constant delay
    %assign/vec4/a/d v0x561c438fcef0, 0, 4;
    %jmp T_8.19;
T_8.16 ;
    %load/vec4 v0x561c438fd170_0;
    %pad/u 7;
    %ix/vec4 4;
    %load/vec4a v0x561c438fcef0, 4;
    %load/vec4 v0x561c438fc780_0;
    %parti/s 1, 11, 5;
    %replicate 20;
    %load/vec4 v0x561c438fc780_0;
    %concat/vec4; draw_concat_vec4
    %xor;
    %load/vec4 v0x561c438fce50_0;
    %pad/u 7;
    %ix/vec4 3;
    %ix/load 4, 0, 0; Constant delay
    %assign/vec4/a/d v0x561c438fcef0, 0, 4;
    %jmp T_8.19;
T_8.17 ;
    %load/vec4 v0x561c438fd170_0;
    %pad/u 7;
    %ix/vec4 4;
    %load/vec4a v0x561c438fcef0, 4;
    %pushi/vec4 0, 0, 32;
    %cmp/e;
    %flag_get/vec4 4;
    %inv;
    %load/vec4 v0x561c438fc780_0;
    %parti/s 1, 11, 5;
    %replicate 20;
    %load/vec4 v0x561c438fc780_0;
    %concat/vec4; draw_concat_vec4
    %pushi/vec4 0, 0, 32;
    %cmp/e;
    %flag_get/vec4 4;
    %inv;
    %or;
    %pad/u 32;
    %load/vec4 v0x561c438fce50_0;
    %pad/u 7;
    %ix/vec4 3;
    %ix/load 4, 0, 0; Constant delay
    %assign/vec4/a/d v0x561c438fcef0, 0, 4;
    %jmp T_8.19;
T_8.18 ;
    %load/vec4 v0x561c438fd170_0;
    %pad/u 7;
    %ix/vec4 4;
    %load/vec4a v0x561c438fcef0, 4;
    %pushi/vec4 0, 0, 32;
    %cmp/e;
    %flag_get/vec4 4;
    %inv;
    %load/vec4 v0x561c438fc780_0;
    %parti/s 1, 11, 5;
    %replicate 20;
    %load/vec4 v0x561c438fc780_0;
    %concat/vec4; draw_concat_vec4
    %pushi/vec4 0, 0, 32;
    %cmp/e;
    %flag_get/vec4 4;
    %inv;
    %and;
    %pad/u 32;
    %load/vec4 v0x561c438fce50_0;
    %pad/u 7;
    %ix/vec4 3;
    %ix/load 4, 0, 0; Constant delay
    %assign/vec4/a/d v0x561c438fcef0, 0, 4;
    %jmp T_8.19;
T_8.19 ;
    %pop/vec4 1;
    %jmp T_8.12;
T_8.6 ;
    %load/vec4 v0x561c438fc860_0;
    %dup/vec4;
    %pushi/vec4 0, 0, 7;
    %cmp/u;
    %jmp/1 T_8.20, 6;
    %dup/vec4;
    %pushi/vec4 32, 0, 7;
    %cmp/u;
    %jmp/1 T_8.21, 6;
    %dup/vec4;
    %pushi/vec4 1, 0, 7;
    %cmp/u;
    %jmp/1 T_8.22, 6;
    %jmp T_8.23;
T_8.20 ;
    %load/vec4 v0x561c438fc5c0_0;
    %dup/vec4;
    %pushi/vec4 0, 0, 3;
    %cmp/u;
    %jmp/1 T_8.24, 6;
    %dup/vec4;
    %pushi/vec4 1, 0, 3;
    %cmp/u;
    %jmp/1 T_8.25, 6;
    %dup/vec4;
    %pushi/vec4 5, 0, 3;
    %cmp/u;
    %jmp/1 T_8.26, 6;
    %dup/vec4;
    %pushi/vec4 2, 0, 3;
    %cmp/u;
    %jmp/1 T_8.27, 6;
    %dup/vec4;
    %pushi/vec4 3, 0, 3;
    %cmp/u;
    %jmp/1 T_8.28, 6;
    %dup/vec4;
    %pushi/vec4 4, 0, 3;
    %cmp/u;
    %jmp/1 T_8.29, 6;
    %dup/vec4;
    %pushi/vec4 6, 0, 3;
    %cmp/u;
    %jmp/1 T_8.30, 6;
    %dup/vec4;
    %pushi/vec4 7, 0, 3;
    %cmp/u;
    %jmp/1 T_8.31, 6;
    %jmp T_8.32;
T_8.24 ;
    %load/vec4 v0x561c438fd170_0;
    %pad/u 7;
    %ix/vec4 4;
    %load/vec4a v0x561c438fcef0, 4;
    %load/vec4 v0x561c438fd250_0;
    %pad/u 7;
    %ix/vec4 4;
    %load/vec4a v0x561c438fcef0, 4;
    %add;
    %load/vec4 v0x561c438fce50_0;
    %pad/u 7;
    %ix/vec4 3;
    %ix/load 4, 0, 0; Constant delay
    %assign/vec4/a/d v0x561c438fcef0, 0, 4;
    %jmp T_8.32;
T_8.25 ;
    %load/vec4 v0x561c438fd170_0;
    %pad/u 7;
    %ix/vec4 4;
    %load/vec4a v0x561c438fcef0, 4;
    %load/vec4 v0x561c438fd250_0;
    %pad/u 7;
    %ix/vec4 5;
    %load/vec4a v0x561c438fcef0, 5;
    %parti/s 5, 0, 2;
    %ix/vec4 4;
    %shiftl 4;
    %load/vec4 v0x561c438fce50_0;
    %pad/u 7;
    %ix/vec4 3;
    %ix/load 4, 0, 0; Constant delay
    %assign/vec4/a/d v0x561c438fcef0, 0, 4;
    %jmp T_8.32;
T_8.26 ;
    %load/vec4 v0x561c438fd170_0;
    %pad/u 7;
    %ix/vec4 4;
    %load/vec4a v0x561c438fcef0, 4;
    %load/vec4 v0x561c438fd250_0;
    %pad/u 7;
    %ix/vec4 5;
    %load/vec4a v0x561c438fcef0, 5;
    %parti/s 5, 0, 2;
    %ix/vec4 4;
    %shiftr 4;
    %load/vec4 v0x561c438fce50_0;
    %pad/u 7;
    %ix/vec4 3;
    %ix/load 4, 0, 0; Constant delay
    %assign/vec4/a/d v0x561c438fcef0, 0, 4;
    %jmp T_8.32;
T_8.27 ;
    %pushi/vec4 0, 0, 31;
    %load/vec4 v0x561c438fd170_0;
    %pad/u 7;
    %ix/vec4 4;
    %load/vec4a v0x561c438fcef0, 4;
    %load/vec4 v0x561c438fd250_0;
    %pad/u 7;
    %ix/vec4 4;
    %load/vec4a v0x561c438fcef0, 4;
    %cmp/s;
    %flag_get/vec4 5;
    %concat/vec4; draw_concat_vec4
    %load/vec4 v0x561c438fce50_0;
    %pad/u 7;
    %ix/vec4 3;
    %ix/load 4, 0, 0; Constant delay
    %assign/vec4/a/d v0x561c438fcef0, 0, 4;
    %jmp T_8.32;
T_8.28 ;
    %pushi/vec4 0, 0, 31;
    %load/vec4 v0x561c438fd170_0;
    %pad/u 7;
    %ix/vec4 4;
    %load/vec4a v0x561c438fcef0, 4;
    %load/vec4 v0x561c438fd250_0;
    %pad/u 7;
    %ix/vec4 4;
    %load/vec4a v0x561c438fcef0, 4;
    %cmp/u;
    %flag_get/vec4 5;
    %concat/vec4; draw_concat_vec4
    %load/vec4 v0x561c438fce50_0;
    %pad/u 7;
    %ix/vec4 3;
    %ix/load 4, 0, 0; Constant delay
    %assign/vec4/a/d v0x561c438fcef0, 0, 4;
    %jmp T_8.32;
T_8.29 ;
    %load/vec4 v0x561c438fd170_0;
    %pad/u 7;
    %ix/vec4 4;
    %load/vec4a v0x561c438fcef0, 4;
    %load/vec4 v0x561c438fd250_0;
    %pad/u 7;
    %ix/vec4 4;
    %load/vec4a v0x561c438fcef0, 4;
    %xor;
    %load/vec4 v0x561c438fce50_0;
    %pad/u 7;
    %ix/vec4 3;
    %ix/load 4, 0, 0; Constant delay
    %assign/vec4/a/d v0x561c438fcef0, 0, 4;
    %jmp T_8.32;
T_8.30 ;
    %load/vec4 v0x561c438fd170_0;
    %pad/u 7;
    %ix/vec4 4;
    %load/vec4a v0x561c438fcef0, 4;
    %pushi/vec4 0, 0, 32;
    %cmp/e;
    %flag_get/vec4 4;
    %inv;
    %load/vec4 v0x561c438fd250_0;
    %pad/u 7;
    %ix/vec4 4;
    %load/vec4a v0x561c438fcef0, 4;
    %pushi/vec4 0, 0, 32;
    %cmp/e;
    %flag_get/vec4 4;
    %inv;
    %or;
    %pad/u 32;
    %load/vec4 v0x561c438fce50_0;
    %pad/u 7;
    %ix/vec4 3;
    %ix/load 4, 0, 0; Constant delay
    %assign/vec4/a/d v0x561c438fcef0, 0, 4;
    %jmp T_8.32;
T_8.31 ;
    %load/vec4 v0x561c438fd170_0;
    %pad/u 7;
    %ix/vec4 4;
    %load/vec4a v0x561c438fcef0, 4;
    %pushi/vec4 0, 0, 32;
    %cmp/e;
    %flag_get/vec4 4;
    %inv;
    %load/vec4 v0x561c438fd250_0;
    %pad/u 7;
    %ix/vec4 4;
    %load/vec4a v0x561c438fcef0, 4;
    %pushi/vec4 0, 0, 32;
    %cmp/e;
    %flag_get/vec4 4;
    %inv;
    %and;
    %pad/u 32;
    %load/vec4 v0x561c438fce50_0;
    %pad/u 7;
    %ix/vec4 3;
    %ix/load 4, 0, 0; Constant delay
    %assign/vec4/a/d v0x561c438fcef0, 0, 4;
    %jmp T_8.32;
T_8.32 ;
    %pop/vec4 1;
    %jmp T_8.23;
T_8.21 ;
    %load/vec4 v0x561c438fc5c0_0;
    %dup/vec4;
    %pushi/vec4 0, 0, 3;
    %cmp/u;
    %jmp/1 T_8.33, 6;
    %dup/vec4;
    %pushi/vec4 5, 0, 3;
    %cmp/u;
    %jmp/1 T_8.34, 6;
    %jmp T_8.35;
T_8.33 ;
    %load/vec4 v0x561c438fd170_0;
    %pad/u 7;
    %ix/vec4 4;
    %load/vec4a v0x561c438fcef0, 4;
    %load/vec4 v0x561c438fd250_0;
    %pad/u 7;
    %ix/vec4 4;
    %load/vec4a v0x561c438fcef0, 4;
    %sub;
    %load/vec4 v0x561c438fce50_0;
    %pad/u 7;
    %ix/vec4 3;
    %ix/load 4, 0, 0; Constant delay
    %assign/vec4/a/d v0x561c438fcef0, 0, 4;
    %jmp T_8.35;
T_8.34 ;
    %load/vec4 v0x561c438fd170_0;
    %pad/u 7;
    %ix/vec4 4;
    %load/vec4a v0x561c438fcef0, 4;
    %load/vec4 v0x561c438fd250_0;
    %pad/u 7;
    %ix/vec4 5;
    %load/vec4a v0x561c438fcef0, 5;
    %parti/s 5, 0, 2;
    %ix/vec4 4;
    %shiftr 4;
    %load/vec4 v0x561c438fce50_0;
    %pad/u 7;
    %ix/vec4 3;
    %ix/load 4, 0, 0; Constant delay
    %assign/vec4/a/d v0x561c438fcef0, 0, 4;
    %jmp T_8.35;
T_8.35 ;
    %pop/vec4 1;
    %jmp T_8.23;
T_8.22 ;
    %load/vec4 v0x561c438fc5c0_0;
    %dup/vec4;
    %pushi/vec4 0, 0, 3;
    %cmp/u;
    %jmp/1 T_8.36, 6;
    %dup/vec4;
    %pushi/vec4 1, 0, 3;
    %cmp/u;
    %jmp/1 T_8.37, 6;
    %dup/vec4;
    %pushi/vec4 2, 0, 3;
    %cmp/u;
    %jmp/1 T_8.38, 6;
    %dup/vec4;
    %pushi/vec4 3, 0, 3;
    %cmp/u;
    %jmp/1 T_8.39, 6;
    %dup/vec4;
    %pushi/vec4 4, 0, 3;
    %cmp/u;
    %jmp/1 T_8.40, 6;
    %dup/vec4;
    %pushi/vec4 5, 0, 3;
    %cmp/u;
    %jmp/1 T_8.41, 6;
    %dup/vec4;
    %pushi/vec4 6, 0, 3;
    %cmp/u;
    %jmp/1 T_8.42, 6;
    %dup/vec4;
    %pushi/vec4 7, 0, 3;
    %cmp/u;
    %jmp/1 T_8.43, 6;
    %jmp T_8.44;
T_8.36 ;
    %load/vec4 v0x561c438fd170_0;
    %pad/u 7;
    %ix/vec4 4;
    %load/vec4a v0x561c438fcef0, 4;
    %load/vec4 v0x561c438fd250_0;
    %pad/u 7;
    %ix/vec4 4;
    %load/vec4a v0x561c438fcef0, 4;
    %mul;
    %load/vec4 v0x561c438fce50_0;
    %pad/u 7;
    %ix/vec4 3;
    %ix/load 4, 0, 0; Constant delay
    %assign/vec4/a/d v0x561c438fcef0, 0, 4;
    %jmp T_8.44;
T_8.37 ;
    %pushi/vec4 0, 0, 32;
    %load/vec4 v0x561c438fce50_0;
    %pad/u 7;
    %ix/vec4 3;
    %ix/load 4, 0, 0; Constant delay
    %assign/vec4/a/d v0x561c438fcef0, 0, 4;
    %jmp T_8.44;
T_8.38 ;
    %pushi/vec4 0, 0, 32;
    %load/vec4 v0x561c438fce50_0;
    %pad/u 7;
    %ix/vec4 3;
    %ix/load 4, 0, 0; Constant delay
    %assign/vec4/a/d v0x561c438fcef0, 0, 4;
    %jmp T_8.44;
T_8.39 ;
    %pushi/vec4 0, 0, 32;
    %load/vec4 v0x561c438fce50_0;
    %pad/u 7;
    %ix/vec4 3;
    %ix/load 4, 0, 0; Constant delay
    %assign/vec4/a/d v0x561c438fcef0, 0, 4;
    %jmp T_8.44;
T_8.40 ;
    %load/vec4 v0x561c438fd170_0;
    %pad/u 7;
    %ix/vec4 4;
    %load/vec4a v0x561c438fcef0, 4;
    %load/vec4 v0x561c438fd250_0;
    %pad/u 7;
    %ix/vec4 4;
    %load/vec4a v0x561c438fcef0, 4;
    %div/s;
    %load/vec4 v0x561c438fce50_0;
    %pad/u 7;
    %ix/vec4 3;
    %ix/load 4, 0, 0; Constant delay
    %assign/vec4/a/d v0x561c438fcef0, 0, 4;
    %jmp T_8.44;
T_8.41 ;
    %load/vec4 v0x561c438fd170_0;
    %pad/u 7;
    %ix/vec4 4;
    %load/vec4a v0x561c438fcef0, 4;
    %load/vec4 v0x561c438fd250_0;
    %pad/u 7;
    %ix/vec4 4;
    %load/vec4a v0x561c438fcef0, 4;
    %div;
    %load/vec4 v0x561c438fce50_0;
    %pad/u 7;
    %ix/vec4 3;
    %ix/load 4, 0, 0; Constant delay
    %assign/vec4/a/d v0x561c438fcef0, 0, 4;
    %jmp T_8.44;
T_8.42 ;
    %load/vec4 v0x561c438fd170_0;
    %pad/u 7;
    %ix/vec4 4;
    %load/vec4a v0x561c438fcef0, 4;
    %load/vec4 v0x561c438fd250_0;
    %pad/u 7;
    %ix/vec4 4;
    %load/vec4a v0x561c438fcef0, 4;
    %mod/s;
    %load/vec4 v0x561c438fce50_0;
    %pad/u 7;
    %ix/vec4 3;
    %ix/load 4, 0, 0; Constant delay
    %assign/vec4/a/d v0x561c438fcef0, 0, 4;
    %jmp T_8.44;
T_8.43 ;
    %load/vec4 v0x561c438fd170_0;
    %pad/u 7;
    %ix/vec4 4;
    %load/vec4a v0x561c438fcef0, 4;
    %load/vec4 v0x561c438fd250_0;
    %pad/u 7;
    %ix/vec4 4;
    %load/vec4a v0x561c438fcef0, 4;
    %mod;
    %load/vec4 v0x561c438fce50_0;
    %pad/u 7;
    %ix/vec4 3;
    %ix/load 4, 0, 0; Constant delay
    %assign/vec4/a/d v0x561c438fcef0, 0, 4;
    %jmp T_8.44;
T_8.44 ;
    %pop/vec4 1;
    %jmp T_8.23;
T_8.23 ;
    %pop/vec4 1;
    %jmp T_8.12;
T_8.7 ;
    %load/vec4 v0x561c438fc5c0_0;
    %dup/vec4;
    %pushi/vec4 0, 0, 3;
    %cmp/u;
    %jmp/1 T_8.45, 6;
    %dup/vec4;
    %pushi/vec4 1, 0, 3;
    %cmp/u;
    %jmp/1 T_8.46, 6;
    %dup/vec4;
    %pushi/vec4 4, 0, 3;
    %cmp/u;
    %jmp/1 T_8.47, 6;
    %dup/vec4;
    %pushi/vec4 5, 0, 3;
    %cmp/u;
    %jmp/1 T_8.48, 6;
    %dup/vec4;
    %pushi/vec4 6, 0, 3;
    %cmp/u;
    %jmp/1 T_8.49, 6;
    %dup/vec4;
    %pushi/vec4 7, 0, 3;
    %cmp/u;
    %jmp/1 T_8.50, 6;
    %jmp T_8.51;
T_8.45 ;
    %load/vec4 v0x561c438fd170_0;
    %pad/u 7;
    %ix/vec4 4;
    %load/vec4a v0x561c438fcef0, 4;
    %load/vec4 v0x561c438fd250_0;
    %pad/u 7;
    %ix/vec4 4;
    %load/vec4a v0x561c438fcef0, 4;
    %cmp/e;
    %jmp/0xz  T_8.52, 4;
    %load/vec4 v0x561c438fcbe0_0;
    %load/vec4 v0x561c438fc860_0;
    %parti/s 1, 6, 4;
    %replicate 19;
    %load/vec4 v0x561c438fc860_0;
    %parti/s 1, 6, 4;
    %concat/vec4; draw_concat_vec4
    %load/vec4 v0x561c438fc860_0;
    %parti/s 6, 0, 2;
    %concat/vec4; draw_concat_vec4
    %load/vec4 v0x561c438fce50_0;
    %parti/s 1, 0, 2;
    %concat/vec4; draw_concat_vec4
    %load/vec4 v0x561c438fce50_0;
    %parti/s 4, 1, 2;
    %concat/vec4; draw_concat_vec4
    %concati/vec4 0, 0, 1;
    %add;
    %subi 1, 0, 32;
    %store/vec4 v0x561c438fcbe0_0, 0, 32;
T_8.52 ;
    %jmp T_8.51;
T_8.46 ;
    %load/vec4 v0x561c438fd170_0;
    %pad/u 7;
    %ix/vec4 4;
    %load/vec4a v0x561c438fcef0, 4;
    %load/vec4 v0x561c438fd250_0;
    %pad/u 7;
    %ix/vec4 4;
    %load/vec4a v0x561c438fcef0, 4;
    %cmp/ne;
    %jmp/0xz  T_8.54, 6;
    %load/vec4 v0x561c438fcbe0_0;
    %load/vec4 v0x561c438fc860_0;
    %parti/s 1, 6, 4;
    %replicate 19;
    %load/vec4 v0x561c438fc860_0;
    %parti/s 1, 6, 4;
    %concat/vec4; draw_concat_vec4
    %load/vec4 v0x561c438fc860_0;
    %parti/s 6, 0, 2;
    %concat/vec4; draw_concat_vec4
    %load/vec4 v0x561c438fce50_0;
    %parti/s 1, 0, 2;
    %concat/vec4; draw_concat_vec4
    %load/vec4 v0x561c438fce50_0;
    %parti/s 4, 1, 2;
    %concat/vec4; draw_concat_vec4
    %concati/vec4 0, 0, 1;
    %add;
    %subi 1, 0, 32;
    %assign/vec4 v0x561c438fcbe0_0, 0;
T_8.54 ;
    %jmp T_8.51;
T_8.47 ;
    %load/vec4 v0x561c438fd170_0;
    %pad/u 7;
    %ix/vec4 4;
    %load/vec4a v0x561c438fcef0, 4;
    %load/vec4 v0x561c438fd250_0;
    %pad/u 7;
    %ix/vec4 4;
    %load/vec4a v0x561c438fcef0, 4;
    %cmp/s;
    %jmp/0xz  T_8.56, 5;
    %load/vec4 v0x561c438fcbe0_0;
    %load/vec4 v0x561c438fc860_0;
    %parti/s 1, 6, 4;
    %replicate 19;
    %load/vec4 v0x561c438fc860_0;
    %parti/s 1, 6, 4;
    %concat/vec4; draw_concat_vec4
    %load/vec4 v0x561c438fc860_0;
    %parti/s 6, 0, 2;
    %concat/vec4; draw_concat_vec4
    %load/vec4 v0x561c438fce50_0;
    %parti/s 1, 0, 2;
    %concat/vec4; draw_concat_vec4
    %load/vec4 v0x561c438fce50_0;
    %parti/s 4, 1, 2;
    %concat/vec4; draw_concat_vec4
    %concati/vec4 0, 0, 1;
    %add;
    %subi 1, 0, 32;
    %store/vec4 v0x561c438fcbe0_0, 0, 32;
T_8.56 ;
    %jmp T_8.51;
T_8.48 ;
    %load/vec4 v0x561c438fd250_0;
    %pad/u 7;
    %ix/vec4 4;
    %load/vec4a v0x561c438fcef0, 4;
    %load/vec4 v0x561c438fd170_0;
    %pad/u 7;
    %ix/vec4 4;
    %load/vec4a v0x561c438fcef0, 4;
    %cmp/s;
    %flag_or 5, 4;
    %jmp/0xz  T_8.58, 5;
    %load/vec4 v0x561c438fcbe0_0;
    %load/vec4 v0x561c438fc860_0;
    %parti/s 1, 6, 4;
    %replicate 19;
    %load/vec4 v0x561c438fc860_0;
    %parti/s 1, 6, 4;
    %concat/vec4; draw_concat_vec4
    %load/vec4 v0x561c438fc860_0;
    %parti/s 6, 0, 2;
    %concat/vec4; draw_concat_vec4
    %load/vec4 v0x561c438fce50_0;
    %parti/s 1, 0, 2;
    %concat/vec4; draw_concat_vec4
    %load/vec4 v0x561c438fce50_0;
    %parti/s 4, 1, 2;
    %concat/vec4; draw_concat_vec4
    %concati/vec4 0, 0, 1;
    %add;
    %subi 1, 0, 32;
    %store/vec4 v0x561c438fcbe0_0, 0, 32;
T_8.58 ;
    %jmp T_8.51;
T_8.49 ;
    %load/vec4 v0x561c438fd170_0;
    %pad/u 7;
    %ix/vec4 4;
    %load/vec4a v0x561c438fcef0, 4;
    %load/vec4 v0x561c438fd250_0;
    %pad/u 7;
    %ix/vec4 4;
    %load/vec4a v0x561c438fcef0, 4;
    %cmp/u;
    %jmp/0xz  T_8.60, 5;
    %load/vec4 v0x561c438fcbe0_0;
    %load/vec4 v0x561c438fc860_0;
    %parti/s 1, 6, 4;
    %replicate 19;
    %load/vec4 v0x561c438fc860_0;
    %parti/s 1, 6, 4;
    %concat/vec4; draw_concat_vec4
    %load/vec4 v0x561c438fc860_0;
    %parti/s 6, 0, 2;
    %concat/vec4; draw_concat_vec4
    %load/vec4 v0x561c438fce50_0;
    %parti/s 1, 0, 2;
    %concat/vec4; draw_concat_vec4
    %load/vec4 v0x561c438fce50_0;
    %parti/s 4, 1, 2;
    %concat/vec4; draw_concat_vec4
    %concati/vec4 0, 0, 1;
    %add;
    %subi 1, 0, 32;
    %store/vec4 v0x561c438fcbe0_0, 0, 32;
T_8.60 ;
    %jmp T_8.51;
T_8.50 ;
    %load/vec4 v0x561c438fd250_0;
    %pad/u 7;
    %ix/vec4 4;
    %load/vec4a v0x561c438fcef0, 4;
    %load/vec4 v0x561c438fd170_0;
    %pad/u 7;
    %ix/vec4 4;
    %load/vec4a v0x561c438fcef0, 4;
    %cmp/u;
    %flag_or 5, 4;
    %jmp/0xz  T_8.62, 5;
    %load/vec4 v0x561c438fcbe0_0;
    %load/vec4 v0x561c438fc860_0;
    %parti/s 1, 6, 4;
    %replicate 19;
    %load/vec4 v0x561c438fc860_0;
    %parti/s 1, 6, 4;
    %concat/vec4; draw_concat_vec4
    %load/vec4 v0x561c438fc860_0;
    %parti/s 6, 0, 2;
    %concat/vec4; draw_concat_vec4
    %load/vec4 v0x561c438fce50_0;
    %parti/s 1, 0, 2;
    %concat/vec4; draw_concat_vec4
    %load/vec4 v0x561c438fce50_0;
    %parti/s 4, 1, 2;
    %concat/vec4; draw_concat_vec4
    %concati/vec4 0, 0, 1;
    %add;
    %subi 1, 0, 32;
    %store/vec4 v0x561c438fcbe0_0, 0, 32;
T_8.62 ;
    %jmp T_8.51;
T_8.51 ;
    %pop/vec4 1;
    %jmp T_8.12;
T_8.8 ;
    %vpi_call 4 217 "$display", "Got " {0 0 0};
    %jmp T_8.12;
T_8.9 ;
    %vpi_call 4 221 "$display", "Got " {0 0 0};
    %jmp T_8.12;
T_8.10 ;
    %vpi_call 4 225 "$display", "Got " {0 0 0};
    %jmp T_8.12;
T_8.11 ;
    %vpi_call 4 229 "$display", "Got " {0 0 0};
    %jmp T_8.12;
T_8.12 ;
    %pop/vec4 1;
    %delay 1, 0;
    %load/vec4 v0x561c438fcbe0_0;
    %addi 1, 0, 32;
    %assign/vec4 v0x561c438fcbe0_0, 0;
    %jmp T_8;
    .thread T_8;
    .scope S_0x561c438fa860;
T_9 ;
    %wait E_0x561c438c87b0;
    %vpi_call 4 237 "$display", "1 sec" {0 0 0};
    %jmp T_9;
    .thread T_9, $push;
    .scope S_0x561c4386b0a0;
T_10 ;
    %pushi/vec4 1, 0, 1;
    %store/vec4 v0x561c438fdad0_0, 0, 1;
    %pushi/vec4 0, 0, 1;
    %store/vec4 v0x561c438fe1e0_0, 0, 1;
    %end;
    .thread T_10;
    .scope S_0x561c4386b0a0;
T_11 ;
    %vpi_call 2 26 "$dumpfile", "riscv.vcd" {0 0 0};
    %vpi_call 2 27 "$dumpvars", 32'sb00000000000000000000000000000000, S_0x561c4386b0a0 {0 0 0};
    %end;
    .thread T_11;
    .scope S_0x561c4386b0a0;
T_12 ;
    %delay 1, 0;
    %load/vec4 v0x561c438fdad0_0;
    %inv;
    %assign/vec4 v0x561c438fdad0_0, 0;
    %jmp T_12;
    .thread T_12;
# The file index is used to find the file name in the following table.
:file_names 6;
    "N/A";
    "<interactive>";
    "riscv-tb.v";
    "./ramctlr.v";
    "./riscv.v";
    "./romctlr.v";
